0 info it worked if it ends with ok
1 verbose cli [ '/usr/local/Cellar/node/7.5.0/bin/node',
1 verbose cli   '/usr/local/bin/npm',
1 verbose cli   'run',
1 verbose cli   'ionic:build',
1 verbose cli   '--' ]
2 info using npm@4.1.2
3 info using node@v7.5.0
4 verbose run-script [ 'preionic:build', 'ionic:build', 'postionic:build' ]
5 info lifecycle ion2-fullapp-PRO@~preionic:build: ion2-fullapp-PRO@
6 silly lifecycle ion2-fullapp-PRO@~preionic:build: no script for preionic:build, continuing
7 info lifecycle ion2-fullapp-PRO@~ionic:build: ion2-fullapp-PRO@
8 verbose lifecycle ion2-fullapp-PRO@~ionic:build: unsafe-perm in lifecycle true
9 verbose lifecycle ion2-fullapp-PRO@~ionic:build: PATH: /usr/local/lib/node_modules/npm/bin/node-gyp-bin:/Users/maxs/Developing/BT_app/node_modules/.bin:/usr/bin:/bin:/usr/sbin:/sbin:/usr/local/bin
10 verbose lifecycle ion2-fullapp-PRO@~ionic:build: CWD: /Users/maxs/Developing/BT_app
11 silly lifecycle ion2-fullapp-PRO@~ionic:build: Args: [ '-c', 'ionic-app-scripts build' ]
12 silly lifecycle ion2-fullapp-PRO@~ionic:build: Returned: code: 1  signal: null
13 info lifecycle ion2-fullapp-PRO@~ionic:build: Failed to exec ionic:build script
14 verbose stack Error: ion2-fullapp-PRO@ ionic:build: `ionic-app-scripts build`
14 verbose stack Exit status 1
14 verbose stack     at EventEmitter.<anonymous> (/usr/local/lib/node_modules/npm/lib/utils/lifecycle.js:279:16)
14 verbose stack     at emitTwo (events.js:106:13)
14 verbose stack     at EventEmitter.emit (events.js:192:7)
14 verbose stack     at ChildProcess.<anonymous> (/usr/local/lib/node_modules/npm/lib/utils/spawn.js:40:14)
14 verbose stack     at emitTwo (events.js:106:13)
14 verbose stack     at ChildProcess.emit (events.js:192:7)
14 verbose stack     at maybeClose (internal/child_process.js:890:16)
14 verbose stack     at Process.ChildProcess._handle.onexit (internal/child_process.js:226:5)
15 verbose pkgid ion2-fullapp-PRO@
16 verbose cwd /Users/maxs/Developing/BT_app
17 error Darwin 16.5.0
18 error argv "/usr/local/Cellar/node/7.5.0/bin/node" "/usr/local/bin/npm" "run" "ionic:build" "--"
19 error node v7.5.0
20 error npm  v4.1.2
21 error code ELIFECYCLE
22 error ion2-fullapp-PRO@ ionic:build: `ionic-app-scripts build`
22 error Exit status 1
23 error Failed at the ion2-fullapp-PRO@ ionic:build script 'ionic-app-scripts build'.
23 error Make sure you have the latest version of node.js and npm installed.
23 error If you do, this is most likely a problem with the ion2-fullapp-PRO package,
23 error not with npm itself.
23 error Tell the author that this fails on your system:
23 error     ionic-app-scripts build
23 error You can get information on how to open an issue for this project with:
23 error     npm bugs ion2-fullapp-PRO
23 error Or if that isn't available, you can get their info via:
23 error     npm owner ls ion2-fullapp-PRO
23 error There is likely additional logging output above.
24 verbose exit [ 1, true ]
